<?xml version="1.0" encoding="UTF-8"?>
<!-- Generated by org.testng.reporters.JUnitReportReporter -->
<testsuite hostname="BestProgrammer" failures="0" tests="16" name="testSuits.searchTestSuit.SearchTest" time="116.068" errors="0" timestamp="2022-08-29T15:33:50 IDT" skipped="0">
  <testcase classname="testSuits.searchTestSuit.SearchTest" name="checkPrice" time="9.661"/>
  <system-out/>
  <testcase classname="testSuits.searchTestSuit.SearchTest" name="checkPrice" time="11.137"/>
  <system-out/>
  <testcase classname="testSuits.searchTestSuit.SearchTest" name="checkSearchTerm" time="5.141"/>
  <system-out/>
  <testcase classname="testSuits.searchTestSuit.SearchTest" name="checkFirstResult" time="5.841"/>
  <system-out/>
  <testcase classname="testSuits.searchTestSuit.SearchTest" name="checkFirstResult" time="5.941"/>
  <system-out/>
  <testcase classname="testSuits.searchTestSuit.SearchTest" name="checkCountResults" time="13.857"/>
  <system-out/>
  <testcase classname="testSuits.searchTestSuit.SearchTest" name="checkSearchTerm" time="5.384"/>
  <system-out/>
  <testcase classname="testSuits.searchTestSuit.SearchTest" name="checkCountResults" time="5.941"/>
  <system-out/>
  <testcase classname="testSuits.searchTestSuit.SearchTest" name="checkPrice" time="10.224"/>
  <system-out/>
  <testcase classname="testSuits.searchTestSuit.SearchTest" name="checkFirstResult" time="4.764"/>
  <system-out/>
  <testcase classname="testSuits.searchTestSuit.SearchTest" name="checkCountResults" time="7.028"/>
  <system-out/>
  <testcase classname="testSuits.searchTestSuit.SearchTest" name="checkPrice" time="8.380"/>
  <system-out/>
  <testcase classname="testSuits.searchTestSuit.SearchTest" name="checkSearchTerm" time="5.658"/>
  <system-out/>
  <testcase classname="testSuits.searchTestSuit.SearchTest" name="checkFirstResult" time="6.135"/>
  <system-out/>
  <testcase classname="testSuits.searchTestSuit.SearchTest" name="checkCountResults" time="5.278"/>
  <system-out/>
  <testcase classname="testSuits.searchTestSuit.SearchTest" name="checkSearchTerm" time="5.698"/>
  <system-out/>
</testsuite> <!-- testSuits.searchTestSuit.SearchTest -->
