<?xml version="1.0" encoding="UTF-8"?>
<!-- Generated by org.testng.reporters.JUnitReportReporter -->
<testsuite hostname="BestProgrammer" failures="0" tests="24" name="testSuits.authTestSuit.RegistrationTest" time="300.946" errors="0" timestamp="2022-08-29T15:33:50 IDT" skipped="0">
  <testcase classname="testSuits.authTestSuit.RegistrationTest" name="registerWithValidData" time="11.616"/>
  <system-out/>
  <testcase classname="testSuits.authTestSuit.RegistrationTest" name="registerWithPhoneNumberInvalid" time="10.342"/>
  <system-out/>
  <testcase classname="testSuits.authTestSuit.RegistrationTest" name="registerWithPhoneNumberInvalid" time="10.244"/>
  <system-out/>
  <testcase classname="testSuits.authTestSuit.RegistrationTest" name="registerWithPhoneNumberInvalid" time="11.166"/>
  <system-out/>
  <testcase classname="testSuits.authTestSuit.RegistrationTest" name="registerWithEmailInvalid" time="12.244"/>
  <system-out/>
  <testcase classname="testSuits.authTestSuit.RegistrationTest" name="registerWithLastNameInvalid" time="12.449"/>
  <system-out/>
  <testcase classname="testSuits.authTestSuit.RegistrationTest" name="registerWithPasswordInvalid" time="10.871"/>
  <system-out/>
  <testcase classname="testSuits.authTestSuit.RegistrationTest" name="registerWithPasswordInvalid" time="11.756"/>
  <system-out/>
  <testcase classname="testSuits.authTestSuit.RegistrationTest" name="registerWithValidData" time="10.008"/>
  <system-out/>
  <testcase classname="testSuits.authTestSuit.RegistrationTest" name="registerWithFirthNameInvalid" time="13.624"/>
  <system-out/>
  <testcase classname="testSuits.authTestSuit.RegistrationTest" name="registerWithLastNameInvalid" time="13.817"/>
  <system-out/>
  <testcase classname="testSuits.authTestSuit.RegistrationTest" name="registerWithValidData" time="9.432"/>
  <system-out/>
  <testcase classname="testSuits.authTestSuit.RegistrationTest" name="registerWithLastNameInvalid" time="12.044"/>
  <system-out/>
  <testcase classname="testSuits.authTestSuit.RegistrationTest" name="registerWithEmailInvalid" time="15.539"/>
  <system-out/>
  <testcase classname="testSuits.authTestSuit.RegistrationTest" name="registerWithFirthNameInvalid" time="13.306"/>
  <system-out/>
  <testcase classname="testSuits.authTestSuit.RegistrationTest" name="registerWithPasswordInvalid" time="12.218"/>
  <system-out/>
  <testcase classname="testSuits.authTestSuit.RegistrationTest" name="registerWithEmailInvalid" time="13.402"/>
  <system-out/>
  <testcase classname="testSuits.authTestSuit.RegistrationTest" name="registerWithFirthNameInvalid" time="12.323"/>
  <system-out/>
  <testcase classname="testSuits.authTestSuit.RegistrationTest" name="registerWithEmailInvalid" time="27.869"/>
  <system-out/>
  <testcase classname="testSuits.authTestSuit.RegistrationTest" name="registerWithLastNameInvalid" time="12.035"/>
  <system-out/>
  <testcase classname="testSuits.authTestSuit.RegistrationTest" name="registerWithFirthNameInvalid" time="12.596"/>
  <system-out/>
  <testcase classname="testSuits.authTestSuit.RegistrationTest" name="registerWithPasswordInvalid" time="11.670"/>
  <system-out/>
  <testcase classname="testSuits.authTestSuit.RegistrationTest" name="registerWithValidData" time="9.789"/>
  <system-out/>
  <testcase classname="testSuits.authTestSuit.RegistrationTest" name="registerWithPhoneNumberInvalid" time="10.586"/>
  <system-out/>
</testsuite> <!-- testSuits.authTestSuit.RegistrationTest -->
