<?xml version="1.0" encoding="UTF-8"?>
<!-- Generated by org.testng.reporters.JUnitReportReporter -->
<testsuite hostname="BestProgrammer" failures="0" tests="2" name="testSuits.authTestSuit.LoginTest" time="30.621" errors="0" timestamp="2022-08-29T15:33:50 IDT" skipped="0">
  <testcase classname="testSuits.authTestSuit.LoginTest" name="loginWithIncorrectPassword" time="9.614"/>
  <system-out/>
  <testcase classname="testSuits.authTestSuit.LoginTest" name="loginWithCorrectData" time="21.007"/>
  <system-out/>
</testsuite> <!-- testSuits.authTestSuit.LoginTest -->
